[2024-07-04 20:09:36] local.ERROR: Class "App\Http\Controllers\Api\V1\Log" not found {"exception":"[object] (Error(code: 0): Class \"App\\Http\\Controllers\\Api\\V1\\Log\" not found at C:\\Users\\loisa\\Documents\\Matrice\\acara-backend\\app\\Http\\Controllers\\Api\\V1\\PriceController.php:133)
[stacktrace]
#0 C:\\Users\\loisa\\Documents\\Matrice\\acara-backend\\vendor\\laravel\\framework\\src\\Illuminate\\Routing\\Controller.php(54): App\\Http\\Controllers\\Api\\V1\\PriceController->importPrices(Object(Illuminate\\Http\\Request))
#1 C:\\Users\\loisa\\Documents\\Matrice\\acara-backend\\vendor\\laravel\\framework\\src\\Illuminate\\Routing\\ControllerDispatcher.php(43): Illuminate\\Routing\\Controller->callAction('importPrices', Array)
#2 C:\\Users\\loisa\\Documents\\Matrice\\acara-backend\\vendor\\laravel\\framework\\src\\Illuminate\\Routing\\Route.php(259): Illuminate\\Routing\\ControllerDispatcher->dispatch(Object(Illuminate\\Routing\\Route), Object(App\\Http\\Controllers\\Api\\V1\\PriceController), 'importPrices')
#3 C:\\Users\\loisa\\Documents\\Matrice\\acara-backend\\vendor\\laravel\\framework\\src\\Illuminate\\Routing\\Route.php(205): Illuminate\\Routing\\Route->runController()
#4 C:\\Users\\loisa\\Documents\\Matrice\\acara-backend\\vendor\\laravel\\framework\\src\\Illuminate\\Routing\\Router.php(806): Illuminate\\Routing\\Route->run()
#5 C:\\Users\\loisa\\Documents\\Matrice\\acara-backend\\vendor\\laravel\\framework\\src\\Illuminate\\Pipeline\\Pipeline.php(144): Illuminate\\Routing\\Router->Illuminate\\Routing\\{closure}(Object(Illuminate\\Http\\Request))
#6 C:\\Users\\loisa\\Documents\\Matrice\\acara-backend\\vendor\\laravel\\framework\\src\\Illuminate\\Routing\\Middleware\\SubstituteBindings.php(50): Illuminate\\Pipeline\\Pipeline->Illuminate\\Pipeline\\{closure}(Object(Illuminate\\Http\\Request))
#7 C:\\Users\\loisa\\Documents\\Matrice\\acara-backend\\vendor\\laravel\\framework\\src\\Illuminate\\Pipeline\\Pipeline.php(183): Illuminate\\Routing\\Middleware\\SubstituteBindings->handle(Object(Illuminate\\Http\\Request), Object(Closure))
#8 C:\\Users\\loisa\\Documents\\Matrice\\acara-backend\\vendor\\laravel\\framework\\src\\Illuminate\\Routing\\Middleware\\ThrottleRequests.php(159): Illuminate\\Pipeline\\Pipeline->Illuminate\\Pipeline\\{closure}(Object(Illuminate\\Http\\Request))
#9 C:\\Users\\loisa\\Documents\\Matrice\\acara-backend\\vendor\\laravel\\framework\\src\\Illuminate\\Routing\\Middleware\\ThrottleRequests.php(125): Illuminate\\Routing\\Middleware\\ThrottleRequests->handleRequest(Object(Illuminate\\Http\\Request), Object(Closure), Array)
#10 C:\\Users\\loisa\\Documents\\Matrice\\acara-backend\\vendor\\laravel\\framework\\src\\Illuminate\\Routing\\Middleware\\ThrottleRequests.php(87): Illuminate\\Routing\\Middleware\\ThrottleRequests->handleRequestUsingNamedLimiter(Object(Illuminate\\Http\\Request), Object(Closure), 'api', Object(Closure))
#11 C:\\Users\\loisa\\Documents\\Matrice\\acara-backend\\vendor\\laravel\\framework\\src\\Illuminate\\Pipeline\\Pipeline.php(183): Illuminate\\Routing\\Middleware\\ThrottleRequests->handle(Object(Illuminate\\Http\\Request), Object(Closure), 'api')
#12 C:\\Users\\loisa\\Documents\\Matrice\\acara-backend\\vendor\\laravel\\framework\\src\\Illuminate\\Pipeline\\Pipeline.php(119): Illuminate\\Pipeline\\Pipeline->Illuminate\\Pipeline\\{closure}(Object(Illuminate\\Http\\Request))
#13 C:\\Users\\loisa\\Documents\\Matrice\\acara-backend\\vendor\\laravel\\framework\\src\\Illuminate\\Routing\\Router.php(805): Illuminate\\Pipeline\\Pipeline->then(Object(Closure))
#14 C:\\Users\\loisa\\Documents\\Matrice\\acara-backend\\vendor\\laravel\\framework\\src\\Illuminate\\Routing\\Router.php(784): Illuminate\\Routing\\Router->runRouteWithinStack(Object(Illuminate\\Routing\\Route), Object(Illuminate\\Http\\Request))
#15 C:\\Users\\loisa\\Documents\\Matrice\\acara-backend\\vendor\\laravel\\framework\\src\\Illuminate\\Routing\\Router.php(748): Illuminate\\Routing\\Router->runRoute(Object(Illuminate\\Http\\Request), Object(Illuminate\\Routing\\Route))
#16 C:\\Users\\loisa\\Documents\\Matrice\\acara-backend\\vendor\\laravel\\framework\\src\\Illuminate\\Routing\\Router.php(737): Illuminate\\Routing\\Router->dispatchToRoute(Object(Illuminate\\Http\\Request))
#17 C:\\Users\\loisa\\Documents\\Matrice\\acara-backend\\vendor\\laravel\\framework\\src\\Illuminate\\Foundation\\Http\\Kernel.php(200): Illuminate\\Routing\\Router->dispatch(Object(Illuminate\\Http\\Request))
#18 C:\\Users\\loisa\\Documents\\Matrice\\acara-backend\\vendor\\laravel\\framework\\src\\Illuminate\\Pipeline\\Pipeline.php(144): Illuminate\\Foundation\\Http\\Kernel->Illuminate\\Foundation\\Http\\{closure}(Object(Illuminate\\Http\\Request))
#19 C:\\Users\\loisa\\Documents\\Matrice\\acara-backend\\app\\Http\\Middleware\\CorsMiddleware.php(27): Illuminate\\Pipeline\\Pipeline->Illuminate\\Pipeline\\{closure}(Object(Illuminate\\Http\\Request))
#20 C:\\Users\\loisa\\Documents\\Matrice\\acara-backend\\vendor\\laravel\\framework\\src\\Illuminate\\Pipeline\\Pipeline.php(183): App\\Http\\Middleware\\CorsMiddleware->handle(Object(Illuminate\\Http\\Request), Object(Closure))
#21 C:\\Users\\loisa\\Documents\\Matrice\\acara-backend\\vendor\\laravel\\framework\\src\\Illuminate\\Foundation\\Http\\Middleware\\TransformsRequest.php(21): Illuminate\\Pipeline\\Pipeline->Illuminate\\Pipeline\\{closure}(Object(Illuminate\\Http\\Request))
#22 C:\\Users\\loisa\\Documents\\Matrice\\acara-backend\\vendor\\laravel\\framework\\src\\Illuminate\\Foundation\\Http\\Middleware\\ConvertEmptyStringsToNull.php(31): Illuminate\\Foundation\\Http\\Middleware\\TransformsRequest->handle(Object(Illuminate\\Http\\Request), Object(Closure))
#23 C:\\Users\\loisa\\Documents\\Matrice\\acara-backend\\vendor\\laravel\\framework\\src\\Illuminate\\Pipeline\\Pipeline.php(183): Illuminate\\Foundation\\Http\\Middleware\\ConvertEmptyStringsToNull->handle(Object(Illuminate\\Http\\Request), Object(Closure))
#24 C:\\Users\\loisa\\Documents\\Matrice\\acara-backend\\vendor\\laravel\\framework\\src\\Illuminate\\Foundation\\Http\\Middleware\\TransformsRequest.php(21): Illuminate\\Pipeline\\Pipeline->Illuminate\\Pipeline\\{closure}(Object(Illuminate\\Http\\Request))
#25 C:\\Users\\loisa\\Documents\\Matrice\\acara-backend\\vendor\\laravel\\framework\\src\\Illuminate\\Foundation\\Http\\Middleware\\TrimStrings.php(40): Illuminate\\Foundation\\Http\\Middleware\\TransformsRequest->handle(Object(Illuminate\\Http\\Request), Object(Closure))
#26 C:\\Users\\loisa\\Documents\\Matrice\\acara-backend\\vendor\\laravel\\framework\\src\\Illuminate\\Pipeline\\Pipeline.php(183): Illuminate\\Foundation\\Http\\Middleware\\TrimStrings->handle(Object(Illuminate\\Http\\Request), Object(Closure))
#27 C:\\Users\\loisa\\Documents\\Matrice\\acara-backend\\vendor\\laravel\\framework\\src\\Illuminate\\Foundation\\Http\\Middleware\\ValidatePostSize.php(27): Illuminate\\Pipeline\\Pipeline->Illuminate\\Pipeline\\{closure}(Object(Illuminate\\Http\\Request))
#28 C:\\Users\\loisa\\Documents\\Matrice\\acara-backend\\vendor\\laravel\\framework\\src\\Illuminate\\Pipeline\\Pipeline.php(183): Illuminate\\Foundation\\Http\\Middleware\\ValidatePostSize->handle(Object(Illuminate\\Http\\Request), Object(Closure))
#29 C:\\Users\\loisa\\Documents\\Matrice\\acara-backend\\vendor\\laravel\\framework\\src\\Illuminate\\Foundation\\Http\\Middleware\\PreventRequestsDuringMaintenance.php(99): Illuminate\\Pipeline\\Pipeline->Illuminate\\Pipeline\\{closure}(Object(Illuminate\\Http\\Request))
#30 C:\\Users\\loisa\\Documents\\Matrice\\acara-backend\\vendor\\laravel\\framework\\src\\Illuminate\\Pipeline\\Pipeline.php(183): Illuminate\\Foundation\\Http\\Middleware\\PreventRequestsDuringMaintenance->handle(Object(Illuminate\\Http\\Request), Object(Closure))
#31 C:\\Users\\loisa\\Documents\\Matrice\\acara-backend\\vendor\\laravel\\framework\\src\\Illuminate\\Http\\Middleware\\TrustProxies.php(39): Illuminate\\Pipeline\\Pipeline->Illuminate\\Pipeline\\{closure}(Object(Illuminate\\Http\\Request))
#32 C:\\Users\\loisa\\Documents\\Matrice\\acara-backend\\vendor\\laravel\\framework\\src\\Illuminate\\Pipeline\\Pipeline.php(183): Illuminate\\Http\\Middleware\\TrustProxies->handle(Object(Illuminate\\Http\\Request), Object(Closure))
#33 C:\\Users\\loisa\\Documents\\Matrice\\acara-backend\\vendor\\laravel\\framework\\src\\Illuminate\\Pipeline\\Pipeline.php(119): Illuminate\\Pipeline\\Pipeline->Illuminate\\Pipeline\\{closure}(Object(Illuminate\\Http\\Request))
#34 C:\\Users\\loisa\\Documents\\Matrice\\acara-backend\\vendor\\laravel\\framework\\src\\Illuminate\\Foundation\\Http\\Kernel.php(175): Illuminate\\Pipeline\\Pipeline->then(Object(Closure))
#35 C:\\Users\\loisa\\Documents\\Matrice\\acara-backend\\vendor\\laravel\\framework\\src\\Illuminate\\Foundation\\Http\\Kernel.php(144): Illuminate\\Foundation\\Http\\Kernel->sendRequestThroughRouter(Object(Illuminate\\Http\\Request))
#36 C:\\Users\\loisa\\Documents\\Matrice\\acara-backend\\public\\index.php(51): Illuminate\\Foundation\\Http\\Kernel->handle(Object(Illuminate\\Http\\Request))
#37 C:\\Users\\loisa\\Documents\\Matrice\\acara-backend\\vendor\\laravel\\framework\\src\\Illuminate\\Foundation\\resources\\server.php(16): require_once('C:\\\\Users\\\\loisa\\\\...')
#38 {main}
"} 
[2024-07-04 20:10:12] local.INFO: importPrices - Request method: POST  
[2024-07-04 20:10:12] local.INFO: importPrices - Request URL: http://localhost:8000/api/v1/prices/import-prices  
[2024-07-04 20:10:12] local.INFO: importPrices - Request headers: {"host":["localhost:8000"],"connection":["keep-alive"],"content-length":["417886"],"sec-ch-ua":["\"Not\/A)Brand\";v=\"8\", \"Chromium\";v=\"126\", \"Google Chrome\";v=\"126\""],"accept":["application\/json, text\/plain, *\/*"],"content-type":["multipart\/form-data; boundary=----WebKitFormBoundaryDAZiOEfEhl8ooKAU"],"x-requested-with":["XMLHttpRequest"],"sec-ch-ua-mobile":["?0"],"user-agent":["Mozilla\/5.0 (Windows NT 10.0; Win64; x64) AppleWebKit\/537.36 (KHTML, like Gecko) Chrome\/126.0.0.0 Safari\/537.36"],"sec-ch-ua-platform":["\"Windows\""],"origin":["http:\/\/localhost:8080"],"sec-fetch-site":["same-site"],"sec-fetch-mode":["cors"],"sec-fetch-dest":["empty"],"referer":["http:\/\/localhost:8080\/"],"accept-encoding":["gzip, deflate, br, zstd"],"accept-language":["es,en;q=0.9"],"cookie":["_ga=GA1.1.1466542049.1718825580; PHPSESSID=v7bsaqp1mnfm33pfk0b6p8mb9r; _gid=GA1.1.125412449.1720117120; _ga_LE5296V9L0=GS1.1.1720120253.10.1.1720120257.0.0.0"]}  
[2024-07-04 20:10:25] local.INFO: importPrices - Datos del archivo Excel importados correctamente.  
[2024-07-04 20:12:31] local.INFO: importPrices - Request method: POST  
[2024-07-04 20:12:31] local.INFO: importPrices - Request URL: http://localhost:8000/api/v1/prices/import-prices  
[2024-07-04 20:12:31] local.INFO: importPrices - Request headers: {"host":["localhost:8000"],"connection":["keep-alive"],"content-length":["417886"],"sec-ch-ua":["\"Not\/A)Brand\";v=\"8\", \"Chromium\";v=\"126\", \"Google Chrome\";v=\"126\""],"accept":["application\/json, text\/plain, *\/*"],"content-type":["multipart\/form-data; boundary=----WebKitFormBoundaryVBHEpl0ChRBulqp0"],"x-requested-with":["XMLHttpRequest"],"sec-ch-ua-mobile":["?0"],"user-agent":["Mozilla\/5.0 (Windows NT 10.0; Win64; x64) AppleWebKit\/537.36 (KHTML, like Gecko) Chrome\/126.0.0.0 Safari\/537.36"],"sec-ch-ua-platform":["\"Windows\""],"origin":["http:\/\/localhost:8080"],"sec-fetch-site":["same-site"],"sec-fetch-mode":["cors"],"sec-fetch-dest":["empty"],"referer":["http:\/\/localhost:8080\/"],"accept-encoding":["gzip, deflate, br, zstd"],"accept-language":["es,en;q=0.9"],"cookie":["_ga=GA1.1.1466542049.1718825580; PHPSESSID=v7bsaqp1mnfm33pfk0b6p8mb9r; _gid=GA1.1.125412449.1720117120; _ga_LE5296V9L0=GS1.1.1720120253.10.1.1720120257.0.0.0"]}  
[2024-07-04 20:12:58] local.INFO: importPrices - Datos del archivo Excel importados correctamente.  
